Ignoring eventmachine-1.2.7 because its extensions are not built. Try: gem pristine eventmachine --version 1.2.7
Ignoring ffi-1.16.3 because its extensions are not built. Try: gem pristine ffi --version 1.16.3
Ignoring http_parser.rb-0.8.0 because its extensions are not built. Try: gem pristine http_parser.rb --version 0.8.0
/home/oscar/OscarPindaro.github.io/vendor/bundle/ruby/3.4.0/gems/jekyll-4.3.3/lib/jekyll.rb:26: warning: logger was loaded from the standard library, but will no longer be part of the default gems starting from Ruby 4.0.0.
You can add logger to your Gemfile or gemspec to silence this warning.
/home/oscar/OscarPindaro.github.io/vendor/bundle/ruby/3.4.0/gems/citeproc-ruby-1.1.14/lib/citeproc/ruby.rb:1: warning: observer was loaded from the standard library, but is not part of the default gems starting from Ruby 3.4.0.
You can add observer to your Gemfile or gemspec to silence this warning.
bundler: failed to load command: jekyll (/home/oscar/OscarPindaro.github.io/vendor/bundle/ruby/3.4.0/bin/jekyll)
/usr/share/ruby/bundled_gems.rb:82:in 'Kernel.require': cannot load such file -- observer (LoadError)
	from /usr/share/ruby/bundled_gems.rb:82:in 'block (2 levels) in Kernel#replace_require'
	from /home/oscar/OscarPindaro.github.io/vendor/bundle/ruby/3.4.0/gems/citeproc-ruby-1.1.14/lib/citeproc/ruby.rb:1:in '<top (required)>'
	from /usr/share/ruby/bundled_gems.rb:82:in 'Kernel.require'
	from /usr/share/ruby/bundled_gems.rb:82:in 'block (2 levels) in Kernel#replace_require'
	from /home/oscar/OscarPindaro.github.io/vendor/bundle/ruby/3.4.0/gems/jekyll-scholar-7.1.3/lib/jekyll/scholar.rb:7:in '<top (required)>'
	from /usr/share/ruby/bundled_gems.rb:82:in 'Kernel.require'
	from /usr/share/ruby/bundled_gems.rb:82:in 'block (2 levels) in Kernel#replace_require'
	from /home/oscar/OscarPindaro.github.io/vendor/bundle/ruby/3.4.0/gems/jekyll-scholar-7.1.3/lib/jekyll-scholar.rb:1:in '<top (required)>'
	from <internal:/usr/share/rubygems/rubygems/core_ext/kernel_require.rb>:37:in 'Kernel#require'
	from <internal:/usr/share/rubygems/rubygems/core_ext/kernel_require.rb>:37:in 'Kernel#require'
	from /usr/share/ruby/bundled_gems.rb:82:in 'block (2 levels) in Kernel.replace_require'
	from /home/oscar/OscarPindaro.github.io/vendor/bundle/ruby/3.4.0/gems/bundler-2.5.7/lib/bundler/runtime.rb:60:in 'block (2 levels) in Bundler::Runtime#require'
	from /home/oscar/OscarPindaro.github.io/vendor/bundle/ruby/3.4.0/gems/bundler-2.5.7/lib/bundler/runtime.rb:55:in 'Array#each'
	from /home/oscar/OscarPindaro.github.io/vendor/bundle/ruby/3.4.0/gems/bundler-2.5.7/lib/bundler/runtime.rb:55:in 'block in Bundler::Runtime#require'
	from /home/oscar/OscarPindaro.github.io/vendor/bundle/ruby/3.4.0/gems/bundler-2.5.7/lib/bundler/runtime.rb:44:in 'Array#each'
	from /home/oscar/OscarPindaro.github.io/vendor/bundle/ruby/3.4.0/gems/bundler-2.5.7/lib/bundler/runtime.rb:44:in 'Bundler::Runtime#require'
	from /home/oscar/OscarPindaro.github.io/vendor/bundle/ruby/3.4.0/gems/bundler-2.5.7/lib/bundler.rb:187:in 'Bundler.require'
	from /home/oscar/OscarPindaro.github.io/vendor/bundle/ruby/3.4.0/gems/jekyll-4.3.3/lib/jekyll/plugin_manager.rb:53:in 'Jekyll::PluginManager.require_from_bundler'
	from /home/oscar/OscarPindaro.github.io/vendor/bundle/ruby/3.4.0/gems/jekyll-4.3.3/exe/jekyll:11:in '<top (required)>'
	from /home/oscar/OscarPindaro.github.io/vendor/bundle/ruby/3.4.0/bin/jekyll:25:in 'Kernel#load'
	from /home/oscar/OscarPindaro.github.io/vendor/bundle/ruby/3.4.0/bin/jekyll:25:in '<top (required)>'
	from /home/oscar/OscarPindaro.github.io/vendor/bundle/ruby/3.4.0/gems/bundler-2.5.7/lib/bundler/cli/exec.rb:58:in 'Kernel.load'
	from /home/oscar/OscarPindaro.github.io/vendor/bundle/ruby/3.4.0/gems/bundler-2.5.7/lib/bundler/cli/exec.rb:58:in 'Bundler::CLI::Exec#kernel_load'
	from /home/oscar/OscarPindaro.github.io/vendor/bundle/ruby/3.4.0/gems/bundler-2.5.7/lib/bundler/cli/exec.rb:23:in 'Bundler::CLI::Exec#run'
	from /home/oscar/OscarPindaro.github.io/vendor/bundle/ruby/3.4.0/gems/bundler-2.5.7/lib/bundler/cli.rb:451:in 'Bundler::CLI#exec'
	from /home/oscar/OscarPindaro.github.io/vendor/bundle/ruby/3.4.0/gems/bundler-2.5.7/lib/bundler/vendor/thor/lib/thor/command.rb:28:in 'Bundler::Thor::Command#run'
	from /home/oscar/OscarPindaro.github.io/vendor/bundle/ruby/3.4.0/gems/bundler-2.5.7/lib/bundler/vendor/thor/lib/thor/invocation.rb:127:in 'Bundler::Thor::Invocation#invoke_command'
	from /home/oscar/OscarPindaro.github.io/vendor/bundle/ruby/3.4.0/gems/bundler-2.5.7/lib/bundler/vendor/thor/lib/thor.rb:527:in 'Bundler::Thor.dispatch'
	from /home/oscar/OscarPindaro.github.io/vendor/bundle/ruby/3.4.0/gems/bundler-2.5.7/lib/bundler/cli.rb:34:in 'Bundler::CLI.dispatch'
	from /home/oscar/OscarPindaro.github.io/vendor/bundle/ruby/3.4.0/gems/bundler-2.5.7/lib/bundler/vendor/thor/lib/thor/base.rb:584:in 'Bundler::Thor::Base::ClassMethods#start'
	from /home/oscar/OscarPindaro.github.io/vendor/bundle/ruby/3.4.0/gems/bundler-2.5.7/lib/bundler/cli.rb:28:in 'Bundler::CLI.start'
	from /home/oscar/OscarPindaro.github.io/vendor/bundle/ruby/3.4.0/gems/bundler-2.5.7/exe/bundle:28:in 'block in <top (required)>'
	from /home/oscar/OscarPindaro.github.io/vendor/bundle/ruby/3.4.0/gems/bundler-2.5.7/lib/bundler/friendly_errors.rb:117:in 'Bundler.with_friendly_errors'
	from /home/oscar/OscarPindaro.github.io/vendor/bundle/ruby/3.4.0/gems/bundler-2.5.7/exe/bundle:20:in '<top (required)>'
	from /home/oscar/bin/bundle:25:in 'Kernel#load'
	from /home/oscar/bin/bundle:25:in '<main>'
